# JRE version: Java(TM) SE Runtime Environment (21.0.6+8) (build 21.0.6+8-LTS-188)
# Java VM: Java HotSpot(TM) 64-Bit Server VM (21.0.6+8-LTS-188, mixed mode, sharing, tiered, compressed oops, compressed class ptrs, g1 gc, windows-amd64)
GC Precious Log:
 CardTable entry size: 512
 Card Set container configuration: InlinePtr #cards 5 size 8 Array Of Cards #cards 12 size 40 Howl #buckets 4 coarsen threshold 1843 Howl Bitmap #cards 512 size 80 coarsen threshold 460 Card regions per heap region 1 cards per card region 2048
 CPUs: 8 total, 8 available
 Memory: 5965M
 Large Page Support: Disabled
 NUMA Support: Disabled
 Compressed Oops: Enabled (32-bit)
 Heap Region Size: 1M
 Heap Min Capacity: 8M
 Heap Initial Capacity: 94M
 Heap Max Capacity: 1492M
 Pre-touch: Disabled
 Parallel Workers: 8
 Concurrent Workers: 2
 Concurrent Refinement Workers: 8
 Periodic GC: Disabled
Heap:
 garbage-first heap   total 55296K, used 41658K [0x00000000a2c00000, 0x0000000100000000)
  region size 1024K, 23 young (23552K), 2 survivors (2048K)
 Metaspace       used 41316K, committed 41920K, reserved 1114112K
  class space    used 5314K, committed 5568K, reserved 1048576K
GC Heap History (14 events):
Event: 1.811 GC heap before
{Heap before GC invocations=0 (full 0):
 garbage-first heap   total 96256K, used 24576K [0x00000000a2c00000, 0x0000000100000000)
  region size 1024K, 23 young (23552K), 0 survivors (0K)
 Metaspace       used 5959K, committed 6208K, reserved 1114112K
  class space    used 666K, committed 768K, reserved 1048576K
}
Event: 1.821 GC heap after
{Heap after GC invocations=1 (full 0):
 garbage-first heap   total 96256K, used 7577K [0x00000000a2c00000, 0x0000000100000000)
  region size 1024K, 3 young (3072K), 3 survivors (3072K)
 Metaspace       used 5959K, committed 6208K, reserved 1114112K
  class space    used 666K, committed 768K, reserved 1048576K
}
Event: 3.177 GC heap before
{Heap before GC invocations=1 (full 0):
 garbage-first heap   total 96256K, used 37273K [0x00000000a2c00000, 0x0000000100000000)
  region size 1024K, 33 young (33792K), 3 survivors (3072K)
 Metaspace       used 14173K, committed 14528K, reserved 1114112K
  class space    used 1684K, committed 1856K, reserved 1048576K
}
Event: 3.185 GC heap after
{Heap after GC invocations=2 (full 0):
 garbage-first heap   total 96256K, used 10685K [0x00000000a2c00000, 0x0000000100000000)
  region size 1024K, 3 young (3072K), 3 survivors (3072K)
 Metaspace       used 14173K, committed 14528K, reserved 1114112K
  class space    used 1684K, committed 1856K, reserved 1048576K
}
Event: 4.651 GC heap before
{Heap before GC invocations=2 (full 0):
 garbage-first heap   total 96256K, used 53693K [0x00000000a2c00000, 0x0000000100000000)
  region size 1024K, 47 young (48128K), 3 survivors (3072K)
 Metaspace       used 21118K, committed 21504K, reserved 1114112K
  class space    used 2565K, committed 2752K, reserved 1048576K
}
Event: 4.657 GC heap after
{Heap after GC invocations=3 (full 0):
 garbage-first heap   total 96256K, used 14755K [0x00000000a2c00000, 0x0000000100000000)
  region size 1024K, 7 young (7168K), 7 survivors (7168K)
 Metaspace       used 21118K, committed 21504K, reserved 1114112K
  class space    used 2565K, committed 2752K, reserved 1048576K
}
Event: 5.705 GC heap before
{Heap before GC invocations=4 (full 0):
 garbage-first heap   total 55296K, used 40355K [0x00000000a2c00000, 0x0000000100000000)
  region size 1024K, 32 young (32768K), 7 survivors (7168K)
 Metaspace       used 24816K, committed 25216K, reserved 1114112K
  class space    used 3062K, committed 3264K, reserved 1048576K
}
Event: 5.713 GC heap after
{Heap after GC invocations=5 (full 0):
 garbage-first heap   total 55296K, used 16976K [0x00000000a2c00000, 0x0000000100000000)
  region size 1024K, 3 young (3072K), 3 survivors (3072K)
 Metaspace       used 24816K, committed 25216K, reserved 1114112K
  class space    used 3062K, committed 3264K, reserved 1048576K
}
Event: 7.170 GC heap before
{Heap before GC invocations=5 (full 0):
 garbage-first heap   total 55296K, used 41552K [0x00000000a2c00000, 0x0000000100000000)
  region size 1024K, 28 young (28672K), 3 survivors (3072K)
 Metaspace       used 29728K, committed 30272K, reserved 1114112K
  class space    used 3699K, committed 3968K, reserved 1048576K
}
Event: 7.175 GC heap after
{Heap after GC invocations=6 (full 0):
 garbage-first heap   total 55296K, used 19062K [0x00000000a2c00000, 0x0000000100000000)
  region size 1024K, 4 young (4096K), 4 survivors (4096K)
 Metaspace       used 29728K, committed 30272K, reserved 1114112K
  class space    used 3699K, committed 3968K, reserved 1048576K
}
Event: 8.328 GC heap before
{Heap before GC invocations=6 (full 0):
 garbage-first heap   total 55296K, used 43638K [0x00000000a2c00000, 0x0000000100000000)
  region size 1024K, 29 young (29696K), 4 survivors (4096K)
 Metaspace       used 35260K, committed 35776K, reserved 1114112K
  class space    used 4492K, committed 4736K, reserved 1048576K
}
Event: 8.332 GC heap after
{Heap after GC invocations=7 (full 0):
 garbage-first heap   total 55296K, used 21312K [0x00000000a2c00000, 0x0000000100000000)
  region size 1024K, 2 young (2048K), 2 survivors (2048K)
 Metaspace       used 35260K, committed 35776K, reserved 1114112K
  class space    used 4492K, committed 4736K, reserved 1048576K
}
Event: 8.379 GC heap before
{Heap before GC invocations=7 (full 0):
 garbage-first heap   total 55296K, used 21312K [0x00000000a2c00000, 0x0000000100000000)
  region size 1024K, 3 young (3072K), 2 survivors (2048K)
 Metaspace       used 35458K, committed 35968K, reserved 1114112K
  class space    used 4529K, committed 4800K, reserved 1048576K
}
Event: 8.381 GC heap after
{Heap after GC invocations=8 (full 0):
 garbage-first heap   total 55296K, used 21178K [0x00000000a2c00000, 0x0000000100000000)
  region size 1024K, 2 young (2048K), 2 survivors (2048K)
 Metaspace       used 35458K, committed 35968K, reserved 1114112K
  class space    used 4529K, committed 4800K, reserved 1048576K
}

