# JRE version: Java(TM) SE Runtime Environment (21.0.6+8) (build 21.0.6+8-LTS-188)
# Java VM: Java HotSpot(TM) 64-Bit Server VM (21.0.6+8-LTS-188, mixed mode, sharing, tiered, compressed oops, compressed class ptrs, g1 gc, windows-amd64)
GC Precious Log:
 CardTable entry size: 512
 Card Set container configuration: InlinePtr #cards 5 size 8 Array Of Cards #cards 12 size 40 Howl #buckets 4 coarsen threshold 1843 Howl Bitmap #cards 512 size 80 coarsen threshold 460 Card regions per heap region 1 cards per card region 2048
 CPUs: 8 total, 8 available
 Memory: 5965M
 Large Page Support: Disabled
 NUMA Support: Disabled
 Compressed Oops: Enabled (32-bit)
 Heap Region Size: 1M
 Heap Min Capacity: 8M
 Heap Initial Capacity: 94M
 Heap Max Capacity: 1492M
 Pre-touch: Disabled
 Parallel Workers: 8
 Concurrent Workers: 2
 Concurrent Refinement Workers: 8
 Periodic GC: Disabled
Heap:
 garbage-first heap   total 55296K, used 41225K [0x00000000a2c00000, 0x0000000100000000)
  region size 1024K, 13 young (13312K), 2 survivors (2048K)
 Metaspace       used 65248K, committed 65984K, reserved 1114112K
  class space    used 8837K, committed 9152K, reserved 1048576K
GC Heap History (20 events):
Event: 7.188 GC heap before
{Heap before GC invocations=5 (full 0):
 garbage-first heap   total 55296K, used 41652K [0x00000000a2c00000, 0x0000000100000000)
  region size 1024K, 28 young (28672K), 3 survivors (3072K)
 Metaspace       used 29759K, committed 30336K, reserved 1114112K
  class space    used 3699K, committed 3968K, reserved 1048576K
}
Event: 7.192 GC heap after
{Heap after GC invocations=6 (full 0):
 garbage-first heap   total 55296K, used 19456K [0x00000000a2c00000, 0x0000000100000000)
  region size 1024K, 4 young (4096K), 4 survivors (4096K)
 Metaspace       used 29759K, committed 30336K, reserved 1114112K
  class space    used 3699K, committed 3968K, reserved 1048576K
}
Event: 8.100 GC heap before
{Heap before GC invocations=6 (full 0):
 garbage-first heap   total 55296K, used 45056K [0x00000000a2c00000, 0x0000000100000000)
  region size 1024K, 29 young (29696K), 4 survivors (4096K)
 Metaspace       used 35253K, committed 35776K, reserved 1114112K
  class space    used 4492K, committed 4736K, reserved 1048576K
}
Event: 8.105 GC heap after
{Heap after GC invocations=7 (full 0):
 garbage-first heap   total 55296K, used 21577K [0x00000000a2c00000, 0x0000000100000000)
  region size 1024K, 2 young (2048K), 2 survivors (2048K)
 Metaspace       used 35253K, committed 35776K, reserved 1114112K
  class space    used 4492K, committed 4736K, reserved 1048576K
}
Event: 8.148 GC heap before
{Heap before GC invocations=7 (full 0):
 garbage-first heap   total 55296K, used 22601K [0x00000000a2c00000, 0x0000000100000000)
  region size 1024K, 4 young (4096K), 2 survivors (2048K)
 Metaspace       used 35458K, committed 35968K, reserved 1114112K
  class space    used 4532K, committed 4800K, reserved 1048576K
}
Event: 8.151 GC heap after
{Heap after GC invocations=8 (full 0):
 garbage-first heap   total 55296K, used 21262K [0x00000000a2c00000, 0x0000000100000000)
  region size 1024K, 2 young (2048K), 2 survivors (2048K)
 Metaspace       used 35458K, committed 35968K, reserved 1114112K
  class space    used 4532K, committed 4800K, reserved 1048576K
}
Event: 9.482 GC heap before
{Heap before GC invocations=9 (full 0):
 garbage-first heap   total 55296K, used 46862K [0x00000000a2c00000, 0x0000000100000000)
  region size 1024K, 27 young (27648K), 2 survivors (2048K)
 Metaspace       used 42451K, committed 42944K, reserved 1114112K
  class space    used 5457K, committed 5696K, reserved 1048576K
}
Event: 9.485 GC heap after
{Heap after GC invocations=10 (full 0):
 garbage-first heap   total 55296K, used 22906K [0x00000000a2c00000, 0x0000000100000000)
  region size 1024K, 4 young (4096K), 4 survivors (4096K)
 Metaspace       used 42451K, committed 42944K, reserved 1114112K
  class space    used 5457K, committed 5696K, reserved 1048576K
}
Event: 10.325 GC heap before
{Heap before GC invocations=10 (full 0):
 garbage-first heap   total 55296K, used 44410K [0x00000000a2c00000, 0x0000000100000000)
  region size 1024K, 26 young (26624K), 4 survivors (4096K)
 Metaspace       used 48990K, committed 49536K, reserved 1114112K
  class space    used 6505K, committed 6720K, reserved 1048576K
}
Event: 10.329 GC heap after
{Heap after GC invocations=11 (full 0):
 garbage-first heap   total 55296K, used 23594K [0x00000000a2c00000, 0x0000000100000000)
  region size 1024K, 3 young (3072K), 3 survivors (3072K)
 Metaspace       used 48990K, committed 49536K, reserved 1114112K
  class space    used 6505K, committed 6720K, reserved 1048576K
}
Event: 11.203 GC heap before
{Heap before GC invocations=11 (full 0):
 garbage-first heap   total 55296K, used 46122K [0x00000000a2c00000, 0x0000000100000000)
  region size 1024K, 26 young (26624K), 3 survivors (3072K)
 Metaspace       used 53662K, committed 54272K, reserved 1114112K
  class space    used 7149K, committed 7424K, reserved 1048576K
}
Event: 11.208 GC heap after
{Heap after GC invocations=12 (full 0):
 garbage-first heap   total 55296K, used 25052K [0x00000000a2c00000, 0x0000000100000000)
  region size 1024K, 3 young (3072K), 3 survivors (3072K)
 Metaspace       used 53662K, committed 54272K, reserved 1114112K
  class space    used 7149K, committed 7424K, reserved 1048576K
}
Event: 12.161 GC heap before
{Heap before GC invocations=12 (full 0):
 garbage-first heap   total 55296K, used 46556K [0x00000000a2c00000, 0x0000000100000000)
  region size 1024K, 25 young (25600K), 3 survivors (3072K)
 Metaspace       used 58188K, committed 58816K, reserved 1114112K
  class space    used 7766K, committed 8064K, reserved 1048576K
}
Event: 12.165 GC heap after
{Heap after GC invocations=13 (full 0):
 garbage-first heap   total 55296K, used 27188K [0x00000000a2c00000, 0x0000000100000000)
  region size 1024K, 4 young (4096K), 4 survivors (4096K)
 Metaspace       used 58188K, committed 58816K, reserved 1114112K
  class space    used 7766K, committed 8064K, reserved 1048576K
}
Event: 12.426 GC heap before
{Heap before GC invocations=13 (full 0):
 garbage-first heap   total 55296K, used 36404K [0x00000000a2c00000, 0x0000000100000000)
  region size 1024K, 14 young (14336K), 4 survivors (4096K)
 Metaspace       used 59451K, committed 60096K, reserved 1114112K
  class space    used 7937K, committed 8256K, reserved 1048576K
}
Event: 12.430 GC heap after
{Heap after GC invocations=14 (full 0):
 garbage-first heap   total 55296K, used 27902K [0x00000000a2c00000, 0x0000000100000000)
  region size 1024K, 1 young (1024K), 1 survivors (1024K)
 Metaspace       used 59451K, committed 60096K, reserved 1114112K
  class space    used 7937K, committed 8256K, reserved 1048576K
}
Event: 13.112 GC heap before
{Heap before GC invocations=15 (full 0):
 garbage-first heap   total 55296K, used 49406K [0x00000000a2c00000, 0x0000000100000000)
  region size 1024K, 22 young (22528K), 1 survivors (1024K)
 Metaspace       used 61795K, committed 62464K, reserved 1114112K
  class space    used 8342K, committed 8640K, reserved 1048576K
}
Event: 13.115 GC heap after
{Heap after GC invocations=16 (full 0):
 garbage-first heap   total 55296K, used 30140K [0x00000000a2c00000, 0x0000000100000000)
  region size 1024K, 3 young (3072K), 3 survivors (3072K)
 Metaspace       used 61795K, committed 62464K, reserved 1114112K
  class space    used 8342K, committed 8640K, reserved 1048576K
}
Event: 13.716 GC heap before
{Heap before GC invocations=16 (full 0):
 garbage-first heap   total 55296K, used 46524K [0x00000000a2c00000, 0x0000000100000000)
  region size 1024K, 20 young (20480K), 3 survivors (3072K)
 Metaspace       used 64565K, committed 65280K, reserved 1114112K
  class space    used 8731K, committed 9024K, reserved 1048576K
}
Event: 13.722 GC heap after
{Heap after GC invocations=17 (full 0):
 garbage-first heap   total 55296K, used 30985K [0x00000000a2c00000, 0x0000000100000000)
  region size 1024K, 2 young (2048K), 2 survivors (2048K)
 Metaspace       used 64565K, committed 65280K, reserved 1114112K
  class space    used 8731K, committed 9024K, reserved 1048576K
}

